<?xml version="1.0" encoding="UTF-8"?>
<!-- Generated by org.testng.reporters.JUnitXMLReporter -->
<testsuite ignored="0" hostname="LAPTOP-EC942J0H" failures="0" tests="2" name="FirefoxTest" time="0.053" errors="0" timestamp="2021-11-01T14:42:27 IST">
  <testcase classname="TestPack.VerifyLoginFunctionallity" name="@BeforeMethod loginToUserAccount" time="0.0">
    <failure type="java.lang.NullPointerException" message="Cannot invoke &amp;quot;org.openqa.selenium.WebDriver.get(String)&amp;quot; because &amp;quot;this.driver&amp;quot; is null">
      <![CDATA[java.lang.NullPointerException: Cannot invoke "org.openqa.selenium.WebDriver.get(String)" because "this.driver" is null
at TestPack.VerifyLoginFunctionallity.loginToUserAccount(VerifyLoginFunctionallity.java:73)
at java.base/java.util.ArrayList.forEach(ArrayList.java:1511)
... Removed 31 stack frames]]>
    </failure>
  </testcase> <!-- @BeforeMethod loginToUserAccount -->
  <testcase classname="TestPack.VerifyLoginFunctionallity" name="@AfterMethod logoutAccount" time="-1.635757947517E9">
    <skipped/>
  </testcase> <!-- @AfterMethod logoutAccount -->
  <testcase classname="TestPack.VerifyLoginFunctionallity" name="@BeforeMethod loginToUserAccount" time="-1.635757947521E9">
    <skipped/>
  </testcase> <!-- @BeforeMethod loginToUserAccount -->
  <testcase classname="TestPack.VerifyLoginFunctionallity" name="@AfterMethod logoutAccount" time="-1.635757947533E9">
    <skipped/>
  </testcase> <!-- @AfterMethod logoutAccount -->
  <testcase classname="TestPack.VerifyLoginFunctionallity" name="@AfterClass clearObjects" time="-1.635757947538E9">
    <skipped/>
  </testcase> <!-- @AfterClass clearObjects -->
  <testcase classname="TestPack.VerifyLoginFunctionallity" name="@AfterTest closedBrowser" time="-1.635757947543E9">
    <skipped/>
  </testcase> <!-- @AfterTest closedBrowser -->
  <testcase classname="TestPack.VerifyLoginFunctionallity" name="verifydashboard" time="0.0">
    <skipped/>
  </testcase> <!-- verifydashboard -->
  <testcase classname="TestPack.VerifyLoginFunctionallity" name="verifyorder" time="0.0">
    <skipped/>
  </testcase> <!-- verifyorder -->
</testsuite> <!-- FirefoxTest -->
